<?xml version="1.0" encoding="UTF-8"?>
<testng-results ignored="0" total="1" passed="1" failed="0" skipped="0">
  <reporter-output>
  </reporter-output>
  <suite started-at="2023-09-17T23:39:51 EDT" name="Default suite" finished-at="2023-09-17T23:39:53 EDT" duration-ms="2774">
    <groups>
    </groups>
    <test started-at="2023-09-17T23:39:51 EDT" name="Default test" finished-at="2023-09-17T23:39:53 EDT" duration-ms="2774">
      <class name="loginTest.openFacebook">
        <test-method is-config="true" signature="openApplication()[pri:0, instance:loginTest.openFacebook@14cd1699]" started-at="2023-09-17T23:39:51 EDT" name="openApplication" finished-at="2023-09-17T23:39:53 EDT" duration-ms="2563" status="PASS">
          <reporter-output>
          </reporter-output>
        </test-method> <!-- openApplication -->
        <test-method signature="logintest()[pri:0, instance:loginTest.openFacebook@14cd1699]" started-at="2023-09-17T23:39:53 EDT" name="logintest" finished-at="2023-09-17T23:39:53 EDT" duration-ms="177" status="PASS">
          <reporter-output>
          </reporter-output>
        </test-method> <!-- logintest -->
      </class> <!-- loginTest.openFacebook -->
    </test> <!-- Default test -->
  </suite> <!-- Default suite -->
</testng-results>
